<?xml version="1.0" encoding="UTF-8"?>
<testsuite name="service.ContatoServiceTeste" tests="5" skipped="0" failures="0" errors="0" timestamp="2024-06-13T22:05:35" hostname="PC301-04" time="0.019">
  <properties/>
  <testcase name="testBuscarContato()" classname="service.ContatoServiceTeste" time="0.012"/>
  <testcase name="testAdicionarContato()" classname="service.ContatoServiceTeste" time="0.0"/>
  <testcase name="testRemoverContato()" classname="service.ContatoServiceTeste" time="0.001"/>
  <testcase name="testListarAniversarios()" classname="service.ContatoServiceTeste" time="0.001"/>
  <testcase name="testAtualizarContato()" classname="service.ContatoServiceTeste" time="0.001"/>
  <system-out><![CDATA[]]></system-out>
  <system-err><![CDATA[]]></system-err>
</testsuite>
